[debug] [2025-12-18T13:13:01.383Z] ----------------------------------------------------------------------
[debug] [2025-12-18T13:13:01.385Z] Command:       /Users/bits/.nvm/versions/node/v22.21.1/bin/node /opt/homebrew/bin/firebase appdistribution:distribute android/app/build/outputs/apk/release/app-release.apk --app 1:115559184211:android:9e404adb7884cb9b6353a6 --groups qa-testers --release-notes updated release
[debug] [2025-12-18T13:13:01.385Z] CLI Version:   14.25.0
[debug] [2025-12-18T13:13:01.385Z] Platform:      darwin
[debug] [2025-12-18T13:13:01.385Z] Node Version:  v22.21.1
[debug] [2025-12-18T13:13:01.385Z] Time:          Thu Dec 18 2025 18:13:01 GMT+0500 (Pakistan Standard Time)
[debug] [2025-12-18T13:13:01.385Z] ----------------------------------------------------------------------
[debug] 
[debug] [2025-12-18T13:13:01.386Z] >>> [apiv2][query] GET https://firebase-public.firebaseio.com/cli.json [none]
[debug] [2025-12-18T13:13:01.404Z] > command requires scopes: ["email","openid","https://www.googleapis.com/auth/cloudplatformprojects.readonly","https://www.googleapis.com/auth/firebase","https://www.googleapis.com/auth/cloud-platform"]
[debug] [2025-12-18T13:13:01.404Z] > authorizing via signed-in user (tahamuntazir0@gmail.com)
[info] i  uploading binary... 
[debug] [2025-12-18T13:13:01.405Z] Checked if tokens are valid: false, expires at: 1764077011507
[debug] [2025-12-18T13:13:01.405Z] Checked if tokens are valid: false, expires at: 1764077011507
[debug] [2025-12-18T13:13:01.405Z] > refreshing access token with scopes: []
[debug] [2025-12-18T13:13:01.405Z] >>> [apiv2][query] POST https://www.googleapis.com/oauth2/v3/token [none]
[debug] [2025-12-18T13:13:01.405Z] >>> [apiv2][body] POST https://www.googleapis.com/oauth2/v3/token [omitted]
[debug] [2025-12-18T13:13:02.148Z] <<< [apiv2][status] GET https://firebase-public.firebaseio.com/cli.json 200
[debug] [2025-12-18T13:13:02.148Z] <<< [apiv2][body] GET https://firebase-public.firebaseio.com/cli.json {"cloudBuildErrorAfter":1594252800000,"cloudBuildWarnAfter":1590019200000,"defaultNode10After":1594252800000,"minVersion":"3.0.5","node8DeploysDisabledAfter":1613390400000,"node8RuntimeDisabledAfter":1615809600000,"node8WarnAfter":1600128000000}
[debug] [2025-12-18T13:13:02.276Z] <<< [apiv2][status] POST https://www.googleapis.com/oauth2/v3/token 200
[debug] [2025-12-18T13:13:02.276Z] <<< [apiv2][body] POST https://www.googleapis.com/oauth2/v3/token [omitted]
[debug] [2025-12-18T13:13:02.286Z] >>> [apiv2][query] POST https://firebaseappdistribution.googleapis.com/upload/v1/projects/115559184211/apps/1:115559184211:android:9e404adb7884cb9b6353a6/releases:upload [none]
[debug] [2025-12-18T13:13:02.286Z] >>> [apiv2][body] POST https://firebaseappdistribution.googleapis.com/upload/v1/projects/115559184211/apps/1:115559184211:android:9e404adb7884cb9b6353a6/releases:upload [stream]
